Temporary directory: ./tmp.IPWgXUjEIf/
k n overlapSketchThreshold minimap:k minimap:w minimap:max_chain_iter edge_threshold
23 60 6 20 50 400 4000000
number of threads: 20
Entering compress():
Using low memory compression mode.
resident_set: 4480 KB
numReads 2918524
avgReadLen 12580
maxReadLen 1072409
Reading file took 263198 milliseconds
After rD.loadFromFile():
resident_set: 73672 KB
Starting to populate hash tables
finished populating hash tables
8756 milliseconds passed
Calculating MinHashes took 643895 milliseconds
After minhash computation:
resident_set: 1.74799e+06 KB
numContigs = 2109078
LoneReads
#LoneReads = 2049260
MinHash passed 54637294 reads
MinHash passed & not already in graph 7253671 reads
Merge Sort passed 0 reads
Aligner passed 809446 reads
bsc/lzma2 compression starts
Extension .base: Compressed 7713962339 bytes to 1360536760 bytes
Extension .complement: Compressed 929082 bytes to 133026 bytes
Extension .genome: Compressed 3541171766 bytes to 776828792 bytes
Extension .id: Compressed 11674096 bytes to 2904924 bytes
Extension .lone: Compressed 3886359907 bytes to 782125012 bytes
Extension .pos: Compressed 1347212241 bytes to 687306720 bytes
Extension .type: Compressed 1300599671 bytes to 202304882 bytes
Total compressed size of all streams is 3812140116 bytes
Creating tar archive ...
Tar archive done!
-rw-rw-r-- 1 qingxi qingxi 3816488960 Jun  6 13:06 /raid/qingxi/Nanopore-data/rel7_sampled_13x.fastq.NanoSpring
Time taken by function: 6386 seconds
	Command being timed: "/raid/qingxi/NanoSpring/build/NanoSpring -c -i /raid/qingxi/Nanopore-data/rel7_sampled_13x.fastq -o /raid/qingxi/Nanopore-data/rel7_sampled_13x.fastq.NanoSpring"
	User time (seconds): 104984.44
	System time (seconds): 2838.10
	Percent of CPU this job got: 1687%
	Elapsed (wall clock) time (h:mm:ss or m:ss): 1:46:27
	Average shared text size (kbytes): 0
	Average unshared data size (kbytes): 0
	Average stack size (kbytes): 0
	Average total size (kbytes): 0
	Maximum resident set size (kbytes): 17565052
	Average resident set size (kbytes): 0
	Major (requiring I/O) page faults: 14
	Minor (reclaiming a frame) page faults: 1210050512
	Voluntary context switches: 4078997
	Involuntary context switches: 622009
	Swaps: 0
	File system inputs: 143669632
	File system outputs: 73225112
	Socket messages sent: 0
	Socket messages received: 0
	Signals delivered: 0
	Page size (bytes): 4096
	Exit status: 0
Temporary directory: ./tmp.xePBPx7nba/
k n overlapSketchThreshold minimap:k minimap:w minimap:max_chain_iter edge_threshold
23 60 6 20 50 400 4000000
number of threads: 20
Entering compress():
Using low memory compression mode.
resident_set: 2408 KB
numReads 11700376
avgReadLen 12587
maxReadLen 1549630
Reading file took 1258493 milliseconds
After rD.loadFromFile():
resident_set: 281788 KB
Starting to populate hash tables
finished populating hash tables
36750 milliseconds passed
Calculating MinHashes took 2317823 milliseconds
After minhash computation:
resident_set: 5.94977e+06 KB
numContigs = 7969208
LoneReads
#LoneReads = 7799940
MinHash passed 580497290 reads
MinHash passed & not already in graph 156998164 reads
Merge Sort passed 0 reads
Aligner passed 3731168 reads
bsc/lzma2 compression starts
Extension .base: Compressed 22548728587 bytes to 3588734045 bytes
Extension .complement: Compressed 4069704 bytes to 522978 bytes
Extension .genome: Compressed 5415640066 bytes to 1176336008 bytes
Extension .id: Compressed 46801504 bytes to 11496978 bytes
Extension .lone: Compressed 12103380500 bytes to 2373462344 bytes
Extension .pos: Compressed 6076722272 bytes to 3134215182 bytes
Extension .type: Compressed 5863510335 bytes to 912980216 bytes
Total compressed size of all streams is 11197747751 bytes
Creating tar archive ...
Tar archive done!
-rw-rw-r-- 1 qingxi qingxi 11213824000 Jun  6 21:54 /raid/qingxi/Nanopore-data/rel7_50x_new.fastq.NanoSpring
Time taken by function: 31654 seconds
	Command being timed: "/raid/qingxi/NanoSpring/build/NanoSpring -c -i /raid/qingxi/Nanopore-data/rel7_50x_new.fastq -o /raid/qingxi/Nanopore-data/rel7_50x_new.fastq.NanoSpring"
	User time (seconds): 548310.81
	System time (seconds): 12728.68
	Percent of CPU this job got: 1772%
	Elapsed (wall clock) time (h:mm:ss or m:ss): 8:47:36
	Average shared text size (kbytes): 0
	Average unshared data size (kbytes): 0
	Average stack size (kbytes): 0
	Average total size (kbytes): 0
	Maximum resident set size (kbytes): 26665904
	Average resident set size (kbytes): 0
	Major (requiring I/O) page faults: 7
	Minor (reclaiming a frame) page faults: 5378794728
	Voluntary context switches: 44797216
	Involuntary context switches: 2844921
	Swaps: 0
	File system inputs: 596509024
	File system outputs: 239935672
	Socket messages sent: 0
	Socket messages received: 0
	Signals delivered: 0
	Page size (bytes): 4096
	Exit status: 0
Temporary directory: ./tmp.pbhzBbbaCG/
k n overlapSketchThreshold minimap:k minimap:w minimap:max_chain_iter edge_threshold
23 60 6 20 50 400 4000000
number of threads: 20
Entering compress():
Using low memory compression mode.
resident_set: 4756 KB
numReads 17678441
avgReadLen 12589
maxReadLen 1549630
Reading file took 1947326 milliseconds
After rD.loadFromFile():
resident_set: 421756 KB
Starting to populate hash tables
finished populating hash tables
49374 milliseconds passed
Calculating MinHashes took 3512240 milliseconds
After minhash computation:
resident_set: 8.65575e+06 KB
numContigs = 11882826
LoneReads
#LoneReads = 11625725
MinHash passed 989014435 reads
MinHash passed & not already in graph 250818260 reads
Merge Sort passed 0 reads
Aligner passed 5795615 reads
bsc/lzma2 compression starts
Extension .base: Compressed 32641429303 bytes to 4786897362 bytes
Extension .complement: Compressed 6309817 bytes to 808350 bytes
Extension .genome: Compressed 6429256440 bytes to 1393090740 bytes
Extension .id: Compressed 70713764 bytes to 17874204 bytes
Extension .lone: Compressed 17586736792 bytes to 3422501488 bytes
Extension .pos: Compressed 9259437593 bytes to 4788628084 bytes
Extension .type: Compressed 8932104804 bytes to 1393443202 bytes
Total compressed size of all streams is 15803243430 bytes
Creating tar archive ...
Tar archive done!
-rw-rw-r-- 1 qingxi qingxi 15827159040 Jun  7 11:14 /raid/qingxi/Nanopore-data/rel7_sampled_75x.fastq.NanoSpring
Time taken by function: 48036 seconds
	Command being timed: "/raid/qingxi/NanoSpring/build/NanoSpring -c -i /raid/qingxi/Nanopore-data/rel7_sampled_75x.fastq -o /raid/qingxi/Nanopore-data/rel7_sampled_75x.fastq.NanoSpring"
	User time (seconds): 832390.28
	System time (seconds): 18373.96
	Percent of CPU this job got: 1770%
	Elapsed (wall clock) time (h:mm:ss or m:ss): 13:20:39
	Average shared text size (kbytes): 0
	Average unshared data size (kbytes): 0
	Average stack size (kbytes): 0
	Average total size (kbytes): 0
	Maximum resident set size (kbytes): 33298260
	Average resident set size (kbytes): 0
	Major (requiring I/O) page faults: 16
	Minor (reclaiming a frame) page faults: 7627366038
	Voluntary context switches: 75614892
	Involuntary context switches: 4418504
	Swaps: 0
	File system inputs: 930115496
	File system outputs: 350729416
	Socket messages sent: 0
	Socket messages received: 0
	Signals delivered: 0
	Page size (bytes): 4096
	Exit status: 0
Temporary directory: ./tmp.WztZYRnzAr/
k n overlapSketchThreshold minimap:k minimap:w minimap:max_chain_iter edge_threshold
23 60 6 20 50 400 4000000
number of threads: 20
Entering compress():
Using low memory compression mode.
resident_set: 2360 KB
numReads 29468874
avgReadLen 12589
maxReadLen 1549630
Reading file took 2120785 milliseconds
After rD.loadFromFile():
resident_set: 697796 KB
Starting to populate hash tables
finished populating hash tables
89734 milliseconds passed
Calculating MinHashes took 6055711 milliseconds
After minhash computation:
resident_set: 1.45446e+07 KB
numContigs = 19641916
LoneReads
#LoneReads = 19210717
MinHash passed 3083154265 reads
MinHash passed & not already in graph 852900190 reads
Merge Sort passed 0 reads
Aligner passed 9826958 reads
bsc/lzma2 compression starts
Extension .base: Compressed 59611961019 bytes to 8091837615 bytes
Extension .complement: Compressed 10689356 bytes to 1358086 bytes
Extension .genome: Compressed 8704573839 bytes to 1878586878 bytes
Extension .id: Compressed 117875496 bytes to 30723430 bytes
Extension .lone: Compressed 31201043612 bytes to 6142540410 bytes
Extension .pos: Compressed 14881001336 bytes to 7722365074 bytes
Extension .type: Compressed 14344889345 bytes to 2238271194 bytes
Total compressed size of all streams is 26105682687 bytes
Creating tar archive ...
Tar archive done!
-rw-rw-r-- 1 qingxi qingxi 26145136640 Jun  8 11:57 /raid/qingxi/Nanopore-data/rel7.fastq.NanoSpring
Time taken by function: 88982 seconds
	Command being timed: "/raid/qingxi/NanoSpring/build/NanoSpring -c -i /raid/qingxi/Nanopore-data/rel7.fastq -o /raid/qingxi/Nanopore-data/rel7.fastq.NanoSpring"
	User time (seconds): 1579217.73
	System time (seconds): 34539.36
	Percent of CPU this job got: 1813%
	Elapsed (wall clock) time (h:mm:ss or m:ss): 24:43:08
	Average shared text size (kbytes): 0
	Average unshared data size (kbytes): 0
	Average stack size (kbytes): 0
	Average total size (kbytes): 0
	Maximum resident set size (kbytes): 40415704
	Average resident set size (kbytes): 0
	Major (requiring I/O) page faults: 46
	Minor (reclaiming a frame) page faults: 12906655274
	Voluntary context switches: 286406640
	Involuntary context switches: 8837024
	Swaps: 0
	File system inputs: 1593730480
	File system outputs: 592061736
	Socket messages sent: 0
	Socket messages received: 0
	Signals delivered: 0
	Page size (bytes): 4096
	Exit status: 0
