Temporary directory: ./tmp.l7bzOdCPXt/
k n overlapSketchThreshold minimap:k minimap:w minimap:max_chain_iter edge_threshold
30 60 6 20 50 400 4000000
number of threads: 20
Entering compress():
Using low memory compression mode.
resident_set: 2288 KB
numReads 5436512
avgReadLen 3301
maxReadLen 290120
Reading file took 153051 milliseconds
After rD.loadFromFile():
resident_set: 132612 KB
Starting to populate hash tables
finished populating hash tables
17950 milliseconds passed
Calculating MinHashes took 158895 milliseconds
After minhash computation:
resident_set: 2.9163e+06 KB
numContigs = 426341
LoneReads
#LoneReads = 368123
MinHash passed 50483527 reads
MinHash passed & not already in graph 5139648 reads
Merge Sort passed 0 reads
Aligner passed 5010171 reads
bsc/lzma2 compression starts
Extension .base: Compressed 4294701392 bytes to 832566399 bytes
Extension .complement: Compressed 5126607 bytes to 664724 bytes
Extension .genome: Compressed 128530291 bytes to 31810148 bytes
Extension .id: Compressed 21746048 bytes to 9181894 bytes
Extension .lone: Compressed 888847546 bytes to 217651600 bytes
Extension .pos: Compressed 344638891 bytes to 214957856 bytes
Extension .type: Compressed 291366160 bytes to 55240988 bytes
Total compressed size of all streams is 1362073609 bytes
Creating tar archive ...
Tar archive done!
-rw-rw-r-- 1 qingxi qingxi 1363056640 May 31 03:52 /raid/qingxi/Nanopore-data/zymo.fastqk30.NanoSpring
Time taken by function: 6868 seconds
	Command being timed: "./../../build/NanoSpring -c -i /raid/qingxi/Nanopore-data/zymo.fastq -o /raid/qingxi/Nanopore-data/zymo.fastqk30.NanoSpring -k 30"
	User time (seconds): 131272.99
	System time (seconds): 2035.53
	Percent of CPU this job got: 1940%
	Elapsed (wall clock) time (h:mm:ss or m:ss): 1:54:29
	Average shared text size (kbytes): 0
	Average unshared data size (kbytes): 0
	Average stack size (kbytes): 0
	Average total size (kbytes): 0
	Maximum resident set size (kbytes): 19041036
	Average resident set size (kbytes): 0
	Major (requiring I/O) page faults: 0
	Minor (reclaiming a frame) page faults: 859453597
	Voluntary context switches: 7928571
	Involuntary context switches: 470439
	Swaps: 0
	File system inputs: 70764488
	File system outputs: 36036472
	Socket messages sent: 0
	Socket messages received: 0
	Signals delivered: 0
	Page size (bytes): 4096
	Exit status: 0
Temporary directory: ./tmp.QdVxeM6QyP/
k n overlapSketchThreshold minimap:k minimap:w minimap:max_chain_iter edge_threshold
25 60 6 20 50 400 4000000
number of threads: 20
Entering compress():
Using low memory compression mode.
resident_set: 2368 KB
numReads 5436512
avgReadLen 3301
maxReadLen 290120
Reading file took 62049 milliseconds
After rD.loadFromFile():
resident_set: 132684 KB
Starting to populate hash tables
finished populating hash tables
19375 milliseconds passed
Calculating MinHashes took 166819 milliseconds
After minhash computation:
resident_set: 2.77152e+06 KB
numContigs = 382206
LoneReads
#LoneReads = 328482
MinHash passed 50033536 reads
MinHash passed & not already in graph 5195153 reads
Merge Sort passed 0 reads
Aligner passed 5054306 reads
bsc/lzma2 compression starts
Extension .base: Compressed 4360092709 bytes to 842043124 bytes
Extension .complement: Compressed 5161754 bytes to 667584 bytes
Extension .genome: Compressed 124159448 bytes to 30733890 bytes
Extension .id: Compressed 21746048 bytes to 9149078 bytes
Extension .lone: Compressed 777122140 bytes to 190489456 bytes
Extension .pos: Compressed 356498930 bytes to 220774480 bytes
Extension .type: Compressed 303099052 bytes to 57156360 bytes
Total compressed size of all streams is 1351013972 bytes
Creating tar archive ...
Tar archive done!
-rw-rw-r-- 1 qingxi qingxi 1351905280 May 31 05:34 /raid/qingxi/Nanopore-data/zymo.fastqk25.NanoSpring
Time taken by function: 6163 seconds
	Command being timed: "./../../build/NanoSpring -c -i /raid/qingxi/Nanopore-data/zymo.fastq -o /raid/qingxi/Nanopore-data/zymo.fastqk25.NanoSpring -k 25"
	User time (seconds): 118826.28
	System time (seconds): 1914.06
	Percent of CPU this job got: 1958%
	Elapsed (wall clock) time (h:mm:ss or m:ss): 1:42:43
	Average shared text size (kbytes): 0
	Average unshared data size (kbytes): 0
	Average stack size (kbytes): 0
	Average total size (kbytes): 0
	Maximum resident set size (kbytes): 18253876
	Average resident set size (kbytes): 0
	Major (requiring I/O) page faults: 0
	Minor (reclaiming a frame) page faults: 830738866
	Voluntary context switches: 7897531
	Involuntary context switches: 230291
	Swaps: 0
	File system inputs: 0
	File system outputs: 35939856
	Socket messages sent: 0
	Socket messages received: 0
	Signals delivered: 0
	Page size (bytes): 4096
	Exit status: 0
Temporary directory: ./tmp.AA4krlTesR/
k n overlapSketchThreshold minimap:k minimap:w minimap:max_chain_iter edge_threshold
20 60 6 20 50 400 4000000
number of threads: 20
Entering compress():
Using low memory compression mode.
resident_set: 2224 KB
numReads 5436512
avgReadLen 3301
maxReadLen 290120
Reading file took 62852 milliseconds
After rD.loadFromFile():
resident_set: 132568 KB
Starting to populate hash tables
finished populating hash tables
18719 milliseconds passed
Calculating MinHashes took 159287 milliseconds
After minhash computation:
resident_set: 2.71324e+06 KB
numContigs = 337498
LoneReads
#LoneReads = 286910
MinHash passed 51780210 reads
MinHash passed & not already in graph 5269107 reads
Merge Sort passed 0 reads
Aligner passed 5099014 reads
bsc/lzma2 compression starts
Extension .base: Compressed 4471407176 bytes to 854679133 bytes
Extension .complement: Compressed 5200190 bytes to 672416 bytes
Extension .genome: Compressed 120012123 bytes to 29714358 bytes
Extension .id: Compressed 21746048 bytes to 9144182 bytes
Extension .lone: Compressed 642196415 bytes to 157488876 bytes
Extension .pos: Compressed 370522870 bytes to 227750208 bytes
Extension .type: Compressed 317185040 bytes to 59545340 bytes
Total compressed size of all streams is 1338994513 bytes
Creating tar archive ...
Tar archive done!
-rw-rw-r-- 1 qingxi qingxi 1339801600 May 31 07:10 /raid/qingxi/Nanopore-data/zymo.fastqk20.NanoSpring
Time taken by function: 5709 seconds
	Command being timed: "./../../build/NanoSpring -c -i /raid/qingxi/Nanopore-data/zymo.fastq -o /raid/qingxi/Nanopore-data/zymo.fastqk20.NanoSpring -k 20"
	User time (seconds): 109834.74
	System time (seconds): 1944.33
	Percent of CPU this job got: 1957%
	Elapsed (wall clock) time (h:mm:ss or m:ss): 1:35:10
	Average shared text size (kbytes): 0
	Average unshared data size (kbytes): 0
	Average stack size (kbytes): 0
	Average total size (kbytes): 0
	Maximum resident set size (kbytes): 18453456
	Average resident set size (kbytes): 0
	Major (requiring I/O) page faults: 0
	Minor (reclaiming a frame) page faults: 811825708
	Voluntary context switches: 8082000
	Involuntary context switches: 210628
	Swaps: 0
	File system inputs: 0
	File system outputs: 35887552
	Socket messages sent: 0
	Socket messages received: 0
	Signals delivered: 0
	Page size (bytes): 4096
	Exit status: 0
Temporary directory: ./tmp.TEOv9azEXB/
k n overlapSketchThreshold minimap:k minimap:w minimap:max_chain_iter edge_threshold
18 60 6 20 50 400 4000000
number of threads: 20
Entering compress():
Using low memory compression mode.
resident_set: 2368 KB
numReads 5436512
avgReadLen 3301
maxReadLen 290120
Reading file took 57852 milliseconds
After rD.loadFromFile():
resident_set: 132680 KB
Starting to populate hash tables
finished populating hash tables
17875 milliseconds passed
Calculating MinHashes took 160692 milliseconds
After minhash computation:
resident_set: 2.59873e+06 KB
numContigs = 310983
LoneReads
#LoneReads = 263000
MinHash passed 54984941 reads
MinHash passed & not already in graph 5344682 reads
Merge Sort passed 0 reads
Aligner passed 5125529 reads
bsc/lzma2 compression starts
Extension .base: Compressed 4561015990 bytes to 868594187 bytes
Extension .complement: Compressed 5221495 bytes to 674032 bytes
Extension .genome: Compressed 118093366 bytes to 29243680 bytes
Extension .id: Compressed 21746048 bytes to 9146874 bytes
Extension .lone: Compressed 571820067 bytes to 140257132 bytes
Extension .pos: Compressed 379146469 bytes to 231270124 bytes
Extension .type: Compressed 325927220 bytes to 60853616 bytes
Total compressed size of all streams is 1340039645 bytes
Creating tar archive ...
Tar archive done!
-rw-rw-r-- 1 qingxi qingxi 1340784640 May 31 08:43 /raid/qingxi/Nanopore-data/zymo.fastqk18.NanoSpring
Time taken by function: 5623 seconds
	Command being timed: "./../../build/NanoSpring -c -i /raid/qingxi/Nanopore-data/zymo.fastq -o /raid/qingxi/Nanopore-data/zymo.fastqk18.NanoSpring -k 18"
	User time (seconds): 108087.91
	System time (seconds): 2003.95
	Percent of CPU this job got: 1957%
	Elapsed (wall clock) time (h:mm:ss or m:ss): 1:33:44
	Average shared text size (kbytes): 0
	Average unshared data size (kbytes): 0
	Average stack size (kbytes): 0
	Average total size (kbytes): 0
	Maximum resident set size (kbytes): 18493384
	Average resident set size (kbytes): 0
	Major (requiring I/O) page faults: 1
	Minor (reclaiming a frame) page faults: 823066430
	Voluntary context switches: 8010256
	Involuntary context switches: 208448
	Swaps: 0
	File system inputs: 8
	File system outputs: 35961032
	Socket messages sent: 0
	Socket messages received: 0
	Signals delivered: 0
	Page size (bytes): 4096
	Exit status: 0
Temporary directory: ./tmp.Wfu36jtjDX/
k n overlapSketchThreshold minimap:k minimap:w minimap:max_chain_iter edge_threshold
15 60 6 20 50 400 4000000
number of threads: 20
Entering compress():
Using low memory compression mode.
resident_set: 2392 KB
numReads 5436512
avgReadLen 3301
maxReadLen 290120
Reading file took 59712 milliseconds
After rD.loadFromFile():
resident_set: 132648 KB
Starting to populate hash tables
finished populating hash tables
16917 milliseconds passed
Calculating MinHashes took 159764 milliseconds
After minhash computation:
resident_set: 2.23169e+06 KB
numContigs = 284133
LoneReads
#LoneReads = 238683
MinHash passed 54703029 reads
MinHash passed & not already in graph 5380184 reads
Merge Sort passed 0 reads
Aligner passed 5152379 reads
bsc/lzma2 compression starts
Extension .base: Compressed 4624519824 bytes to 875881197 bytes
Extension .complement: Compressed 5243279 bytes to 674330 bytes
Extension .genome: Compressed 114109131 bytes to 28259982 bytes
Extension .id: Compressed 21746048 bytes to 9147132 bytes
Extension .lone: Compressed 492614230 bytes to 120836374 bytes
Extension .pos: Compressed 392406755 bytes to 236419892 bytes
Extension .type: Compressed 339271145 bytes to 62729954 bytes
Total compressed size of all streams is 1333948861 bytes
Creating tar archive ...
Tar archive done!
-rw-rw-r-- 1 qingxi qingxi 1334640640 May 31 10:14 /raid/qingxi/Nanopore-data/zymo.fastqk15.NanoSpring
Time taken by function: 5422 seconds
	Command being timed: "./../../build/NanoSpring -c -i /raid/qingxi/Nanopore-data/zymo.fastq -o /raid/qingxi/Nanopore-data/zymo.fastqk15.NanoSpring -k 15"
	User time (seconds): 104202.34
	System time (seconds): 1974.00
	Percent of CPU this job got: 1957%
	Elapsed (wall clock) time (h:mm:ss or m:ss): 1:30:22
	Average shared text size (kbytes): 0
	Average unshared data size (kbytes): 0
	Average stack size (kbytes): 0
	Average total size (kbytes): 0
	Maximum resident set size (kbytes): 18554456
	Average resident set size (kbytes): 0
	Major (requiring I/O) page faults: 0
	Minor (reclaiming a frame) page faults: 808647823
	Voluntary context switches: 7941362
	Involuntary context switches: 197179
	Swaps: 0
	File system inputs: 0
	File system outputs: 35944128
	Socket messages sent: 0
	Socket messages received: 0
	Signals delivered: 0
	Page size (bytes): 4096
	Exit status: 0
Temporary directory: ./tmp.cr289os9nU/
k n overlapSketchThreshold minimap:k minimap:w minimap:max_chain_iter edge_threshold
12 60 6 20 50 400 4000000
number of threads: 20
Entering compress():
Using low memory compression mode.
resident_set: 2288 KB
numReads 5436512
avgReadLen 3301
maxReadLen 290120
Reading file took 62153 milliseconds
After rD.loadFromFile():
resident_set: 132552 KB
Starting to populate hash tables
finished populating hash tables
14187 milliseconds passed
Calculating MinHashes took 152882 milliseconds
After minhash computation:
resident_set: 1.62748e+06 KB
numContigs = 258798
LoneReads
#LoneReads = 215775
MinHash passed 59697929 reads
MinHash passed & not already in graph 5810383 reads
Merge Sort passed 0 reads
Aligner passed 5177714 reads
bsc/lzma2 compression starts
Extension .base: Compressed 4708282120 bytes to 891451875 bytes
Extension .complement: Compressed 5263760 bytes to 676194 bytes
Extension .genome: Compressed 110980827 bytes to 27482704 bytes
Extension .id: Compressed 21746048 bytes to 9127728 bytes
Extension .lone: Compressed 420785416 bytes to 103198922 bytes
Extension .pos: Compressed 407680614 bytes to 241517750 bytes
Extension .type: Compressed 354644547 bytes to 64662548 bytes
Total compressed size of all streams is 1338117721 bytes
Creating tar archive ...
Tar archive done!
-rw-rw-r-- 1 qingxi qingxi 1338757120 May 31 11:45 /raid/qingxi/Nanopore-data/zymo.fastqk12.NanoSpring
Time taken by function: 5492 seconds
	Command being timed: "./../../build/NanoSpring -c -i /raid/qingxi/Nanopore-data/zymo.fastq -o /raid/qingxi/Nanopore-data/zymo.fastqk12.NanoSpring -k 12"
	User time (seconds): 105493.39
	System time (seconds): 2001.07
	Percent of CPU this job got: 1956%
	Elapsed (wall clock) time (h:mm:ss or m:ss): 1:31:32
	Average shared text size (kbytes): 0
	Average unshared data size (kbytes): 0
	Average stack size (kbytes): 0
	Average total size (kbytes): 0
	Maximum resident set size (kbytes): 17621436
	Average resident set size (kbytes): 0
	Major (requiring I/O) page faults: 0
	Minor (reclaiming a frame) page faults: 826890954
	Voluntary context switches: 8130921
	Involuntary context switches: 198709
	Swaps: 0
	File system inputs: 0
	File system outputs: 36041664
	Socket messages sent: 0
	Socket messages received: 0
	Signals delivered: 0
	Page size (bytes): 4096
	Exit status: 0
Temporary directory: ./tmp.pSyErgUKTX/
k n overlapSketchThreshold minimap:k minimap:w minimap:max_chain_iter edge_threshold
10 60 6 20 50 400 4000000
number of threads: 20
Entering compress():
Using low memory compression mode.
resident_set: 2404 KB
numReads 5436512
avgReadLen 3301
maxReadLen 290120
Reading file took 60582 milliseconds
After rD.loadFromFile():
resident_set: 132736 KB
Starting to populate hash tables
finished populating hash tables
13426 milliseconds passed
Calculating MinHashes took 151335 milliseconds
After minhash computation:
resident_set: 1.54381e+06 KB
numContigs = 237552
LoneReads
#LoneReads = 197160
MinHash passed 65699571 reads
MinHash passed & not already in graph 5739712 reads
Merge Sort passed 0 reads
Aligner passed 5198960 reads
bsc/lzma2 compression starts
Extension .base: Compressed 4824027131 bytes to 908553496 bytes
Extension .complement: Compressed 5279744 bytes to 676512 bytes
Extension .genome: Compressed 109672718 bytes to 27153750 bytes
Extension .id: Compressed 21746048 bytes to 9123804 bytes
Extension .lone: Compressed 327193543 bytes to 80191812 bytes
Extension .pos: Compressed 426544628 bytes to 246601778 bytes
Extension .type: Compressed 373702426 bytes to 66735516 bytes
Total compressed size of all streams is 1339036668 bytes
Creating tar archive ...
Tar archive done!
-rw-rw-r-- 1 qingxi qingxi 1339637760 Jun  9 04:38 /raid/qingxi/Nanopore-data/zymo.fastqk10.NanoSpring
Time taken by function: 5978 seconds
	Command being timed: "./../../build/NanoSpring -c -i /raid/qingxi/Nanopore-data/zymo.fastq -o /raid/qingxi/Nanopore-data/zymo.fastqk10.NanoSpring -k 10"
	User time (seconds): 115115.77
	System time (seconds): 2255.57
	Percent of CPU this job got: 1963%
	Elapsed (wall clock) time (h:mm:ss or m:ss): 1:39:38
	Average shared text size (kbytes): 0
	Average unshared data size (kbytes): 0
	Average stack size (kbytes): 0
	Average total size (kbytes): 0
	Maximum resident set size (kbytes): 17336320
	Average resident set size (kbytes): 0
	Major (requiring I/O) page faults: 18
	Minor (reclaiming a frame) page faults: 937837474
	Voluntary context switches: 7972084
	Involuntary context switches: 242966
	Swaps: 0
	File system inputs: 1632
	File system outputs: 36173840
	Socket messages sent: 0
	Socket messages received: 0
	Signals delivered: 0
	Page size (bytes): 4096
	Exit status: 0
