Temporary directory: ./tmp.KdEZDuJjK2/
k n overlapSketchThreshold minimap:k minimap:w minimap:max_chain_iter edge_threshold
23 60 6 20 50 400 4000000
number of threads: 20
Entering compress():
resident_set: 2392 KB
numReads 15666888
avgReadLen 8484
maxReadLen 2974128
Reading file took 548654 milliseconds
After rD.loadFromFile():
resident_set: 3.53956e+07 KB
Starting to populate hash tables
finished populating hash tables
72841 milliseconds passed
Calculating MinHashes took 2964591 milliseconds
After minhash computation:
resident_set: 4.86449e+07 KB
numContigs = 9963235
LoneReads
#LoneReads = 9083515
MinHash passed 99660465 reads
MinHash passed & not already in graph 15892540 reads
Merge Sort passed 0 reads
Aligner passed 5703653 reads
bsc/lzma2 compression starts
Extension .base: Compressed 12862316307 bytes to 2752391647 bytes
Extension .complement: Compressed 7463093 bytes to 1039450 bytes
Extension .genome: Compressed 8542302321 bytes to 1901638344 bytes
Extension .id: Compressed 62667552 bytes to 24213914 bytes
Extension .lone: Compressed 73943834462 bytes to 16949559102 bytes
Extension .pos: Compressed 3742411940 bytes to 2043079982 bytes
Extension .type: Compressed 3699001238 bytes to 650123808 bytes
Total compressed size of all streams is 24322046247 bytes
Creating tar archive ...
Tar archive done!
-rw-rw-r-- 1 qingxi qingxi 24342190080 May 26 20:57 /raid/qingxi/Nanopore-Compression-old/data/rel_6.fastq.NanoSpring
Time taken by function: 21515 seconds
	Command being timed: "./../../build/NanoSpring -c -i /raid/qingxi/Nanopore-Compression-old/data/rel_6.fastq -o /raid/qingxi/Nanopore-Compression-old/data/rel_6.fastq.NanoSpring"
	User time (seconds): 396762.58
	System time (seconds): 3495.85
	Percent of CPU this job got: 1859%
	Elapsed (wall clock) time (h:mm:ss or m:ss): 5:58:40
	Average shared text size (kbytes): 0
	Average unshared data size (kbytes): 0
	Average stack size (kbytes): 0
	Average total size (kbytes): 0
	Maximum resident set size (kbytes): 63870884
	Average resident set size (kbytes): 0
	Major (requiring I/O) page faults: 17
	Minor (reclaiming a frame) page faults: 1021392973
	Voluntary context switches: 10741532
	Involuntary context switches: 2506344
	Swaps: 0
	File system inputs: 405448320
	File system outputs: 325813976
	Socket messages sent: 0
	Socket messages received: 0
	Signals delivered: 0
	Page size (bytes): 4096
	Exit status: 0
Temporary directory: ./tmp.hK9fFQMTQB/
numDecodingThreads: 20
Extracting tar archive ...Tar extraction done!
NumReads:15666888
NumContigs:9963235
NumEncodingThreads:20
BSC/LZMA2 decompression ...BSC/LZMA2 decompression done!
Took 625866 milliseconds
Generating reads...Done!
Took 71331 milliseconds
Writing to file...Done!
Writing took 322551 milliseconds
	Command being timed: "./../../build/NanoSpring -d -i /raid/qingxi/Nanopore-Compression-old/data/rel_6.fastq.NanoSpring -o /raid/qingxi/Nanopore-Compression-old/data/rel_6.fastq.NanoSpring.reads"
	User time (seconds): 24442.50
	System time (seconds): 965.39
	Percent of CPU this job got: 2408%
	Elapsed (wall clock) time (h:mm:ss or m:ss): 17:34.95
	Average shared text size (kbytes): 0
	Average unshared data size (kbytes): 0
	Average stack size (kbytes): 0
	Average total size (kbytes): 0
	Maximum resident set size (kbytes): 36659828
	Average resident set size (kbytes): 0
	Major (requiring I/O) page faults: 1
	Minor (reclaiming a frame) page faults: 211346125
	Voluntary context switches: 7961238
	Involuntary context switches: 2050578
	Swaps: 0
	File system inputs: 120
	File system outputs: 508104320
	Socket messages sent: 0
	Socket messages received: 0
	Signals delivered: 0
	Page size (bytes): 4096
	Exit status: 0
Parameters - k: 7, l: 6, b: 32 
Starting encoding in FAST MODE with 20 threads... 
Starting adaptative encoding for 33 (32 + 1) blocks, and update every 4 blocks... 
Starting parallelized fast encoding...
Total encoded blocks: 26935 
Stream <original size in bytes> -> <compressed size in bytes> (<compression ratio>)
IDs   2349108364 -> 601000663 (0.256)
Bases 132931102331 -> 31401861363 (0.236)
Quals 132931102331 -> 89120552794 (0.670)
Total 268305314354 -> 121152680405 (0.452)
Total compression time: 1793.27 s
	Command being timed: "./../../../EnanoFASTQ/enano/enano -t 20 /raid/qingxi/Nanopore-Compression-old/data/rel_6.fastq /raid/qingxi/Nanopore-Compression-old/data/rel_6.fastq.enano"
	User time (seconds): 11963.90
	System time (seconds): 219.97
	Percent of CPU this job got: 679%
	Elapsed (wall clock) time (h:mm:ss or m:ss): 29:53.30
	Average shared text size (kbytes): 0
	Average unshared data size (kbytes): 0
	Average stack size (kbytes): 0
	Average total size (kbytes): 0
	Maximum resident set size (kbytes): 464332
	Average resident set size (kbytes): 0
	Major (requiring I/O) page faults: 1
	Minor (reclaiming a frame) page faults: 5731636
	Voluntary context switches: 442794
	Involuntary context switches: 560265
	Swaps: 0
	File system inputs: 507517504
	File system outputs: 236626624
	Socket messages sent: 0
	Socket messages received: 0
	Signals delivered: 0
	Page size (bytes): 4096
	Exit status: 0
Parameters - k: 7, l: 6, b: 32 
Starting decoding with 20 threads... 
Starting decoding with context model update... 
Starting parallelized fast decoding... 
Total decoded blocks: 26935
Total decompression time: 2178.33 s
	Command being timed: "./../../../EnanoFASTQ/enano/enano -d -t 20 /raid/qingxi/Nanopore-Compression-old/data/rel_6.fastq.enano enano_decompressed.fastq"
	User time (seconds): 21525.06
	System time (seconds): 301.70
	Percent of CPU this job got: 1001%
	Elapsed (wall clock) time (h:mm:ss or m:ss): 36:18.38
	Average shared text size (kbytes): 0
	Average unshared data size (kbytes): 0
	Average stack size (kbytes): 0
	Average total size (kbytes): 0
	Maximum resident set size (kbytes): 560136
	Average resident set size (kbytes): 0
	Major (requiring I/O) page faults: 2
	Minor (reclaiming a frame) page faults: 12491103
	Voluntary context switches: 180499
	Involuntary context switches: 335833
	Swaps: 0
	File system inputs: 236622544
	File system outputs: 528622192
	Socket messages sent: 0
	Socket messages received: 0
	Signals delivered: 0
	Page size (bytes): 4096
	Exit status: 0
	Command being timed: "pigz -p 20 /raid/qingxi/Nanopore-Compression-old/data/rel_6.fastq.NanoSpring.reads"
	User time (seconds): 20648.02
	System time (seconds): 152.81
	Percent of CPU this job got: 1786%
	Elapsed (wall clock) time (h:mm:ss or m:ss): 19:24.17
	Average shared text size (kbytes): 0
	Average unshared data size (kbytes): 0
	Average stack size (kbytes): 0
	Average total size (kbytes): 0
	Maximum resident set size (kbytes): 15232
	Average resident set size (kbytes): 0
	Major (requiring I/O) page faults: 1
	Minor (reclaiming a frame) page faults: 44586
	Voluntary context switches: 3179881
	Involuntary context switches: 294721
	Swaps: 0
	File system inputs: 258506320
	File system outputs: 72771232
	Socket messages sent: 0
	Socket messages received: 0
	Signals delivered: 0
	Page size (bytes): 4096
	Exit status: 0
-rw-rw-r-- 1 qingxi qingxi 37258718167 May 26 21:15 /raid/qingxi/Nanopore-Compression-old/data/rel_6.fastq.NanoSpring.reads.gz
	Command being timed: "pigz -d -k -p 20 /raid/qingxi/Nanopore-Compression-old/data/rel_6.fastq.NanoSpring.reads.gz"
	User time (seconds): 741.04
	System time (seconds): 211.98
	Percent of CPU this job got: 169%
	Elapsed (wall clock) time (h:mm:ss or m:ss): 9:21.06
	Average shared text size (kbytes): 0
	Average unshared data size (kbytes): 0
	Average stack size (kbytes): 0
	Average total size (kbytes): 0
	Maximum resident set size (kbytes): 2548
	Average resident set size (kbytes): 0
	Major (requiring I/O) page faults: 0
	Minor (reclaiming a frame) page faults: 1491
	Voluntary context switches: 9258414
	Involuntary context switches: 1121
	Swaps: 0
	File system inputs: 0
	File system outputs: 259661664
	Socket messages sent: 0
	Socket messages received: 0
	Signals delivered: 0
	Page size (bytes): 4096
	Exit status: 0
