Temporary directory: ./tmp.kZJQt60mcA/
k n overlapSketchThreshold minimap:k minimap:w minimap:max_chain_iter edge_threshold
23 60 6 20 50 400 4000000
number of threads: 20
Entering compress():
resident_set: 4556 KB
numReads 3436528
avgReadLen 24492
maxReadLen 330829
Reading file took 547935 milliseconds
After rD.loadFromFile():
resident_set: 2.14519e+07 KB
Starting to populate hash tables
finished populating hash tables
12079 milliseconds passed
Calculating MinHashes took 908432 milliseconds
After minhash computation:
resident_set: 2.41655e+07 KB
numContigs = 832418
LoneReads
#LoneReads = 707257
MinHash passed 30412822 reads
MinHash passed & not already in graph 2770054 reads
Merge Sort passed 0 reads
Aligner passed 2604110 reads
bsc/lzma2 compression starts
Extension .base: Compressed 12722676222 bytes to 2248002982 bytes
Extension .complement: Compressed 2854432 bytes to 380238 bytes
Extension .genome: Compressed 4129787608 bytes to 865765918 bytes
Extension .id: Compressed 13746112 bytes to 6423882 bytes
Extension .lone: Compressed 6278677017 bytes to 1173023446 bytes
Extension .pos: Compressed 3530372213 bytes to 2034641862 bytes
Extension .type: Compressed 3432849853 bytes to 596697380 bytes
Total compressed size of all streams is 6924935708 bytes
Creating tar archive ...
Tar archive done!
-rw-rw-r-- 1 qingxi qingxi 6926735360 May 25 21:36 /raid/qingxi/Nanopore-Compression-old/data/human_wgs.fastq.NanoSpring
Time taken by function: 11944 seconds
	Command being timed: "./../../build/NanoSpring -c -i /raid/qingxi/Nanopore-Compression-old/data/human_wgs.fastq -o /raid/qingxi/Nanopore-Compression-old/data/human_wgs.fastq.NanoSpring"
	User time (seconds): 219322.22
	System time (seconds): 5591.31
	Percent of CPU this job got: 1882%
	Elapsed (wall clock) time (h:mm:ss or m:ss): 3:19:07
	Average shared text size (kbytes): 0
	Average unshared data size (kbytes): 0
	Average stack size (kbytes): 0
	Average total size (kbytes): 0
	Maximum resident set size (kbytes): 39043304
	Average resident set size (kbytes): 0
	Major (requiring I/O) page faults: 20
	Minor (reclaiming a frame) page faults: 1940570219
	Voluntary context switches: 3618110
	Involuntary context switches: 1675569
	Swaps: 0
	File system inputs: 330190480
	File system outputs: 92500648
	Socket messages sent: 0
	Socket messages received: 0
	Signals delivered: 0
	Page size (bytes): 4096
	Exit status: 0
Temporary directory: ./tmp.01usPouYTA/
numDecodingThreads: 20
Extracting tar archive ...Tar extraction done!
NumReads:3436528
NumContigs:832418
NumEncodingThreads:20
BSC/LZMA2 decompression ...BSC/LZMA2 decompression done!
Took 147682 milliseconds
Generating reads...Done!
Took 73496 milliseconds
Writing to file...Done!
Writing took 182921 milliseconds
	Command being timed: "./../../build/NanoSpring -d -i /raid/qingxi/Nanopore-Compression-old/data/human_wgs.fastq.NanoSpring -o /raid/qingxi/Nanopore-Compression-old/data/human_wgs.fastq.NanoSpring.reads"
	User time (seconds): 6471.88
	System time (seconds): 292.33
	Percent of CPU this job got: 1618%
	Elapsed (wall clock) time (h:mm:ss or m:ss): 6:57.94
	Average shared text size (kbytes): 0
	Average unshared data size (kbytes): 0
	Average stack size (kbytes): 0
	Average total size (kbytes): 0
	Maximum resident set size (kbytes): 22391384
	Average resident set size (kbytes): 0
	Major (requiring I/O) page faults: 1
	Minor (reclaiming a frame) page faults: 47867593
	Voluntary context switches: 945732
	Involuntary context switches: 465823
	Swaps: 0
	File system inputs: 632
	File system outputs: 236740616
	Socket messages sent: 0
	Socket messages received: 0
	Signals delivered: 0
	Page size (bytes): 4096
	Exit status: 0
Parameters - k: 7, l: 6, b: 32 
Starting encoding in FAST MODE with 20 threads... 
Starting adaptative encoding for 33 (32 + 1) blocks, and update every 4 blocks... 
Starting parallelized fast encoding...
Total encoded blocks: 16992 
Stream <original size in bytes> -> <compressed size in bytes> (<compression ratio>)
IDs   695428184 -> 84303047 (0.121)
Bases 84169604141 -> 19633798807 (0.233)
Quals 84169604141 -> 48621641279 (0.578)
Total 169055255634 -> 68347191854 (0.404)
Total compression time: 645.87 s
	Command being timed: "./../../../EnanoFASTQ/enano/enano -t 20 /raid/qingxi/Nanopore-Compression-old/data/human_wgs.fastq /raid/qingxi/Nanopore-Compression-old/data/human_wgs.fastq.enano"
	User time (seconds): 7457.38
	System time (seconds): 97.03
	Percent of CPU this job got: 1169%
	Elapsed (wall clock) time (h:mm:ss or m:ss): 10:45.90
	Average shared text size (kbytes): 0
	Average unshared data size (kbytes): 0
	Average stack size (kbytes): 0
	Average total size (kbytes): 0
	Maximum resident set size (kbytes): 432564
	Average resident set size (kbytes): 0
	Major (requiring I/O) page faults: 4
	Minor (reclaiming a frame) page faults: 2062085
	Voluntary context switches: 33984
	Involuntary context switches: 11289
	Swaps: 0
	File system inputs: 592
	File system outputs: 133490728
	Socket messages sent: 0
	Socket messages received: 0
	Signals delivered: 0
	Page size (bytes): 4096
	Exit status: 0
Parameters - k: 7, l: 6, b: 32 
Starting decoding with 20 threads... 
Starting decoding with context model update... 
Starting parallelized fast decoding... 
Total decoded blocks: 16992
Total decompression time: 1345.93 s
	Command being timed: "./../../../EnanoFASTQ/enano/enano -d -t 20 /raid/qingxi/Nanopore-Compression-old/data/human_wgs.fastq.enano enano_decompressed.fastq"
	User time (seconds): 13673.63
	System time (seconds): 181.03
	Percent of CPU this job got: 1029%
	Elapsed (wall clock) time (h:mm:ss or m:ss): 22:25.99
	Average shared text size (kbytes): 0
	Average unshared data size (kbytes): 0
	Average stack size (kbytes): 0
	Average total size (kbytes): 0
	Maximum resident set size (kbytes): 548700
	Average resident set size (kbytes): 0
	Major (requiring I/O) page faults: 6
	Minor (reclaiming a frame) page faults: 8466892
	Voluntary context switches: 108746
	Involuntary context switches: 159255
	Swaps: 0
	File system inputs: 104598200
	File system outputs: 331544464
	Socket messages sent: 0
	Socket messages received: 0
	Signals delivered: 0
	Page size (bytes): 4096
	Exit status: 0
	Command being timed: "pigz -p 20 /raid/qingxi/Nanopore-Compression-old/data/human_wgs.fastq.NanoSpring.reads"
	User time (seconds): 13088.26
	System time (seconds): 90.28
	Percent of CPU this job got: 1828%
	Elapsed (wall clock) time (h:mm:ss or m:ss): 12:00.54
	Average shared text size (kbytes): 0
	Average unshared data size (kbytes): 0
	Average stack size (kbytes): 0
	Average total size (kbytes): 0
	Maximum resident set size (kbytes): 15252
	Average resident set size (kbytes): 0
	Major (requiring I/O) page faults: 2
	Minor (reclaiming a frame) page faults: 38541
	Voluntary context switches: 1856085
	Involuntary context switches: 177639
	Swaps: 0
	File system inputs: 164410736
	File system outputs: 45221248
	Socket messages sent: 0
	Socket messages received: 0
	Signals delivered: 0
	Page size (bytes): 4096
	Exit status: 0
-rw-rw-r-- 1 qingxi qingxi 23153167218 May 25 21:43 /raid/qingxi/Nanopore-Compression-old/data/human_wgs.fastq.NanoSpring.reads.gz
	Command being timed: "pigz -d -k -p 20 /raid/qingxi/Nanopore-Compression-old/data/human_wgs.fastq.NanoSpring.reads.gz"
	User time (seconds): 466.29
	System time (seconds): 136.28
	Percent of CPU this job got: 141%
	Elapsed (wall clock) time (h:mm:ss or m:ss): 7:05.50
	Average shared text size (kbytes): 0
	Average unshared data size (kbytes): 0
	Average stack size (kbytes): 0
	Average total size (kbytes): 0
	Maximum resident set size (kbytes): 2588
	Average resident set size (kbytes): 0
	Major (requiring I/O) page faults: 0
	Minor (reclaiming a frame) page faults: 801
	Voluntary context switches: 5869823
	Involuntary context switches: 817
	Swaps: 0
	File system inputs: 0
	File system outputs: 164400472
	Socket messages sent: 0
	Socket messages received: 0
	Signals delivered: 0
	Page size (bytes): 4096
	Exit status: 0
