Temporary directory: ./tmp.MoJ1BJCWpr/
k n overlapSketchThreshold minimap:k minimap:w minimap:max_chain_iter edge_threshold
30 60 6 20 50 400 4000000
number of threads: 20
Entering compress():
resident_set: 2384 KB
numReads 3436528
avgReadLen 24492
maxReadLen 330829
Reading file took 118300 milliseconds
After rD.loadFromFile():
resident_set: 2.14519e+07 KB
Starting to populate hash tables
finished populating hash tables
12144 milliseconds passed
Calculating MinHashes took 370245 milliseconds
After minhash computation:
resident_set: 2.44228e+07 KB
numContigs = 1043536
LoneReads
#LoneReads = 909222
MinHash passed 18899741 reads
MinHash passed & not already in graph 2408907 reads
Merge Sort passed 0 reads
Aligner passed 2392992 reads
bsc/lzma2 compression starts
Extension .base: Compressed 11219747213 bytes to 1971944477 bytes
Extension .complement: Compressed 2661620 bytes to 356828 bytes
Extension .genome: Compressed 4391722095 bytes to 920391678 bytes
Extension .id: Compressed 13746112 bytes to 6261490 bytes
Extension .lone: Compressed 9548235002 bytes to 1836555368 bytes
Extension .pos: Compressed 3267482078 bytes to 1909293136 bytes
Extension .type: Compressed 3171010521 bytes to 555363830 bytes
Total compressed size of all streams is 7200166807 bytes
Creating tar archive ...
Tar archive done!
-rw-rw-r-- 1 qingxi qingxi 7202385920 May 30 04:26 /raid/qingxi/Nanopore-Compression-old/data/human_wgs.fastqk30.NanoSpring
Time taken by function: 8303 seconds
	Command being timed: "/raid/qingxi/NanoSpring/build/NanoSpring -c -i /raid/qingxi/Nanopore-Compression-old/data/human_wgs.fastq -o /raid/qingxi/Nanopore-Compression-old/data/human_wgs.fastqk30.NanoSpring -k 30"
	User time (seconds): 160751.27
	System time (seconds): 3831.67
	Percent of CPU this job got: 1981%
	Elapsed (wall clock) time (h:mm:ss or m:ss): 2:18:25
	Average shared text size (kbytes): 0
	Average unshared data size (kbytes): 0
	Average stack size (kbytes): 0
	Average total size (kbytes): 0
	Maximum resident set size (kbytes): 38593484
	Average resident set size (kbytes): 0
	Major (requiring I/O) page faults: 2
	Minor (reclaiming a frame) page faults: 1456520702
	Voluntary context switches: 3900694
	Involuntary context switches: 542765
	Swaps: 0
	File system inputs: 1416696
	File system outputs: 96471280
	Socket messages sent: 0
	Socket messages received: 0
	Signals delivered: 0
	Page size (bytes): 4096
	Exit status: 0
Temporary directory: ./tmp.OqgSQbOR4E/
k n overlapSketchThreshold minimap:k minimap:w minimap:max_chain_iter edge_threshold
25 60 6 20 50 400 4000000
number of threads: 20
Entering compress():
resident_set: 2368 KB
numReads 3436528
avgReadLen 24492
maxReadLen 330829
Reading file took 118504 milliseconds
After rD.loadFromFile():
resident_set: 2.14523e+07 KB
Starting to populate hash tables
finished populating hash tables
11692 milliseconds passed
Calculating MinHashes took 371698 milliseconds
After minhash computation:
resident_set: 2.42246e+07 KB
numContigs = 892044
LoneReads
#LoneReads = 764977
MinHash passed 24716375 reads
MinHash passed & not already in graph 2609295 reads
Merge Sort passed 0 reads
Aligner passed 2544484 reads
bsc/lzma2 compression starts
Extension .base: Compressed 11960967893 bytes to 2098230297 bytes
Extension .complement: Compressed 2798618 bytes to 373446 bytes
Extension .genome: Compressed 4207676432 bytes to 880792256 bytes
Extension .id: Compressed 13746112 bytes to 6380368 bytes
Extension .lone: Compressed 7165827686 bytes to 1356063492 bytes
Extension .pos: Compressed 3473609627 bytes to 2008309362 bytes
Extension .type: Compressed 3375803508 bytes to 587452794 bytes
Total compressed size of all streams is 6937602015 bytes
Creating tar archive ...
Tar archive done!
-rw-rw-r-- 1 qingxi qingxi 6939514880 May 30 06:58 /raid/qingxi/Nanopore-Compression-old/data/human_wgs.fastqk25.NanoSpring
Time taken by function: 9116 seconds
	Command being timed: "/raid/qingxi/NanoSpring/build/NanoSpring -c -i /raid/qingxi/Nanopore-Compression-old/data/human_wgs.fastq -o /raid/qingxi/Nanopore-Compression-old/data/human_wgs.fastqk25.NanoSpring -k 25"
	User time (seconds): 176061.49
	System time (seconds): 4243.95
	Percent of CPU this job got: 1977%
	Elapsed (wall clock) time (h:mm:ss or m:ss): 2:31:58
	Average shared text size (kbytes): 0
	Average unshared data size (kbytes): 0
	Average stack size (kbytes): 0
	Average total size (kbytes): 0
	Maximum resident set size (kbytes): 38929628
	Average resident set size (kbytes): 0
	Major (requiring I/O) page faults: 3
	Minor (reclaiming a frame) page faults: 1683605087
	Voluntary context switches: 3841560
	Involuntary context switches: 582508
	Swaps: 0
	File system inputs: 6778912
	File system outputs: 92752384
	Socket messages sent: 0
	Socket messages received: 0
	Signals delivered: 0
	Page size (bytes): 4096
	Exit status: 0
Temporary directory: ./tmp.zGeALC1fnc/
k n overlapSketchThreshold minimap:k minimap:w minimap:max_chain_iter edge_threshold
20 60 6 20 50 400 4000000
number of threads: 20
Entering compress():
resident_set: 2408 KB
numReads 3436528
avgReadLen 24492
maxReadLen 330829
Reading file took 116670 milliseconds
After rD.loadFromFile():
resident_set: 2.14524e+07 KB
Starting to populate hash tables
finished populating hash tables
11364 milliseconds passed
Calculating MinHashes took 382025 milliseconds
After minhash computation:
resident_set: 2.40297e+07 KB
numContigs = 761520
LoneReads
#LoneReads = 637911
MinHash passed 41418398 reads
MinHash passed & not already in graph 2892381 reads
Merge Sort passed 0 reads
Aligner passed 2675008 reads
bsc/lzma2 compression starts
Extension .base: Compressed 13964890626 bytes to 2497637683 bytes
Extension .complement: Compressed 2922226 bytes to 389888 bytes
Extension .genome: Compressed 4039819874 bytes to 852180492 bytes
Extension .id: Compressed 13746112 bytes to 6555782 bytes
Extension .lone: Compressed 5111689048 bytes to 936322984 bytes
Extension .pos: Compressed 3616154084 bytes to 2067350508 bytes
Extension .type: Compressed 3519441776 bytes to 608237006 bytes
Total compressed size of all streams is 6968674343 bytes
Creating tar archive ...
Tar archive done!
-rw-rw-r-- 1 qingxi qingxi 6970337280 May 30 09:45 /raid/qingxi/Nanopore-Compression-old/data/human_wgs.fastqk20.NanoSpring
Time taken by function: 10013 seconds
	Command being timed: "/raid/qingxi/NanoSpring/build/NanoSpring -c -i /raid/qingxi/Nanopore-Compression-old/data/human_wgs.fastq -o /raid/qingxi/Nanopore-Compression-old/data/human_wgs.fastqk20.NanoSpring -k 20"
	User time (seconds): 192675.79
	System time (seconds): 5054.14
	Percent of CPU this job got: 1974%
	Elapsed (wall clock) time (h:mm:ss or m:ss): 2:46:54
	Average shared text size (kbytes): 0
	Average unshared data size (kbytes): 0
	Average stack size (kbytes): 0
	Average total size (kbytes): 0
	Maximum resident set size (kbytes): 38969188
	Average resident set size (kbytes): 0
	Major (requiring I/O) page faults: 0
	Minor (reclaiming a frame) page faults: 2006783893
	Voluntary context switches: 4307636
	Involuntary context switches: 592974
	Swaps: 0
	File system inputs: 7993112
	File system outputs: 93012032
	Socket messages sent: 0
	Socket messages received: 0
	Signals delivered: 0
	Page size (bytes): 4096
	Exit status: 0
Temporary directory: ./tmp.D8SFTnMkXP/
k n overlapSketchThreshold minimap:k minimap:w minimap:max_chain_iter edge_threshold
23 60 6 20 50 400 4000000
number of threads: 20
Entering compress():
resident_set: 2312 KB
numReads 3436528
avgReadLen 24492
maxReadLen 330829
Reading file took 119199 milliseconds
After rD.loadFromFile():
resident_set: 2.14526e+07 KB
Starting to populate hash tables
finished populating hash tables
13039 milliseconds passed
Calculating MinHashes took 380791 milliseconds
After minhash computation:
resident_set: 2.41708e+07 KB
numContigs = 834910
LoneReads
#LoneReads = 708191
MinHash passed 27610072 reads
MinHash passed & not already in graph 2759933 reads
Merge Sort passed 0 reads
Aligner passed 2601618 reads
bsc/lzma2 compression starts
Extension .base: Compressed 12600074463 bytes to 2230875023 bytes
Extension .complement: Compressed 2855056 bytes to 380626 bytes
Extension .genome: Compressed 4134870053 bytes to 865727850 bytes
Extension .id: Compressed 13746112 bytes to 6436170 bytes
Extension .lone: Compressed 6216614146 bytes to 1162595632 bytes
Extension .pos: Compressed 3540956868 bytes to 2040388434 bytes
Extension .type: Compressed 3443172063 bytes to 598365296 bytes
Total compressed size of all streams is 6904769031 bytes
Creating tar archive ...
Tar archive done!
-rw-rw-r-- 1 qingxi qingxi 6906572800 May 30 18:48 /raid/qingxi/Nanopore-Compression-old/data/human_wgs.fastqk23.NanoSpring
Time taken by function: 9887 seconds
	Command being timed: "/raid/qingxi/NanoSpring/build/NanoSpring -c -i /raid/qingxi/Nanopore-Compression-old/data/human_wgs.fastq -o /raid/qingxi/Nanopore-Compression-old/data/human_wgs.fastqk23.NanoSpring -k 23"
	User time (seconds): 190375.99
	System time (seconds): 4894.07
	Percent of CPU this job got: 1974%
	Elapsed (wall clock) time (h:mm:ss or m:ss): 2:44:49
	Average shared text size (kbytes): 0
	Average unshared data size (kbytes): 0
	Average stack size (kbytes): 0
	Average total size (kbytes): 0
	Maximum resident set size (kbytes): 39085408
	Average resident set size (kbytes): 0
	Major (requiring I/O) page faults: 0
	Minor (reclaiming a frame) page faults: 1868934457
	Voluntary context switches: 3838315
	Involuntary context switches: 570537
	Swaps: 0
	File system inputs: 11082192
	File system outputs: 92059896
	Socket messages sent: 0
	Socket messages received: 0
	Signals delivered: 0
	Page size (bytes): 4096
	Exit status: 0
Temporary directory: ./tmp.2jTYkAZhTz/
k n overlapSketchThreshold minimap:k minimap:w minimap:max_chain_iter edge_threshold
18 60 6 20 50 400 4000000
number of threads: 20
Entering compress():
resident_set: 2328 KB
numReads 3436528
avgReadLen 24492
maxReadLen 330829
Reading file took 118792 milliseconds
After rD.loadFromFile():
resident_set: 2.14513e+07 KB
Starting to populate hash tables
finished populating hash tables
10852 milliseconds passed
Calculating MinHashes took 369495 milliseconds
After minhash computation:
resident_set: 2.37859e+07 KB
numContigs = 709980
LoneReads
#LoneReads = 590107
MinHash passed 44428823 reads
MinHash passed & not already in graph 3546904 reads
Merge Sort passed 0 reads
Aligner passed 2726548 reads
bsc/lzma2 compression starts
Extension .base: Compressed 14250006051 bytes to 2530744354 bytes
Extension .complement: Compressed 2966294 bytes to 395368 bytes
Extension .genome: Compressed 3930723910 bytes to 832571950 bytes
Extension .id: Compressed 13746112 bytes to 6590342 bytes
Extension .lone: Compressed 4328542942 bytes to 781646380 bytes
Extension .pos: Compressed 3694820699 bytes to 2103692910 bytes
Extension .type: Compressed 3597677301 bytes to 620472598 bytes
Total compressed size of all streams is 6876113902 bytes
Creating tar archive ...
Tar archive done!
-rw-rw-r-- 1 qingxi qingxi 6877665280 May 30 21:50 /raid/qingxi/Nanopore-Compression-old/data/human_wgs.fastqk18.NanoSpring
Time taken by function: 10442 seconds
	Command being timed: "/raid/qingxi/NanoSpring/build/NanoSpring -c -i /raid/qingxi/Nanopore-Compression-old/data/human_wgs.fastq -o /raid/qingxi/Nanopore-Compression-old/data/human_wgs.fastqk18.NanoSpring -k 18"
	User time (seconds): 200780.19
	System time (seconds): 5382.40
	Percent of CPU this job got: 1973%
	Elapsed (wall clock) time (h:mm:ss or m:ss): 2:54:04
	Average shared text size (kbytes): 0
	Average unshared data size (kbytes): 0
	Average stack size (kbytes): 0
	Average total size (kbytes): 0
	Maximum resident set size (kbytes): 39026208
	Average resident set size (kbytes): 0
	Major (requiring I/O) page faults: 2
	Minor (reclaiming a frame) page faults: 2157804475
	Voluntary context switches: 3962538
	Involuntary context switches: 612528
	Swaps: 0
	File system inputs: 11069744
	File system outputs: 91766376
	Socket messages sent: 0
	Socket messages received: 0
	Signals delivered: 0
	Page size (bytes): 4096
	Exit status: 0
Temporary directory: ./tmp.zmMApQCm9m/
k n overlapSketchThreshold minimap:k minimap:w minimap:max_chain_iter edge_threshold
15 60 6 20 50 400 4000000
number of threads: 20
Entering compress():
resident_set: 2348 KB
numReads 3436528
avgReadLen 24492
maxReadLen 330829
Reading file took 119445 milliseconds
After rD.loadFromFile():
resident_set: 2.14524e+07 KB
Starting to populate hash tables
finished populating hash tables
8775 milliseconds passed
Calculating MinHashes took 390782 milliseconds
After minhash computation:
resident_set: 2.29234e+07 KB
numContigs = 636387
LoneReads
#LoneReads = 519790
MinHash passed 56134247 reads
MinHash passed & not already in graph 4438039 reads
Merge Sort passed 0 reads
Aligner passed 2800141 reads
bsc/lzma2 compression starts
Extension .base: Compressed 16267957785 bytes to 2942535707 bytes
Extension .complement: Compressed 3033335 bytes to 403886 bytes
Extension .genome: Compressed 3836752634 bytes to 817446702 bytes
Extension .id: Compressed 13746112 bytes to 6654602 bytes
Extension .lone: Compressed 3338527033 bytes to 577241102 bytes
Extension .pos: Compressed 3755414007 bytes to 2117946884 bytes
Extension .type: Compressed 3660442707 bytes to 627591332 bytes
Total compressed size of all streams is 7089820215 bytes
Creating tar archive ...
Tar archive done!
-rw-rw-r-- 1 qingxi qingxi 7091230720 May 31 21:38 /raid/qingxi/Nanopore-Compression-old/data/human_wgs.fastqk15.NanoSpring
Time taken by function: 11770 seconds
	Command being timed: "/raid/qingxi/NanoSpring/build/NanoSpring -c -i /raid/qingxi/Nanopore-Compression-old/data/human_wgs.fastq -o /raid/qingxi/Nanopore-Compression-old/data/human_wgs.fastqk15.NanoSpring -k 15"
	User time (seconds): 225380.51
	System time (seconds): 6592.53
	Percent of CPU this job got: 1970%
	Elapsed (wall clock) time (h:mm:ss or m:ss): 3:16:11
	Average shared text size (kbytes): 0
	Average unshared data size (kbytes): 0
	Average stack size (kbytes): 0
	Average total size (kbytes): 0
	Maximum resident set size (kbytes): 38390024
	Average resident set size (kbytes): 0
	Major (requiring I/O) page faults: 1
	Minor (reclaiming a frame) page faults: 2706196368
	Voluntary context switches: 4913647
	Involuntary context switches: 689248
	Swaps: 0
	File system inputs: 9996480
	File system outputs: 94674712
	Socket messages sent: 0
	Socket messages received: 0
	Signals delivered: 0
	Page size (bytes): 4096
	Exit status: 0
Temporary directory: ./tmp.lRy4aLwDVz/
k n overlapSketchThreshold minimap:k minimap:w minimap:max_chain_iter edge_threshold
12 60 6 20 50 400 4000000
number of threads: 20
Entering compress():
resident_set: 2324 KB
numReads 3436528
avgReadLen 24492
maxReadLen 330829
Reading file took 125750 milliseconds
After rD.loadFromFile():
resident_set: 2.14523e+07 KB
Starting to populate hash tables
finished populating hash tables
6711 milliseconds passed
Calculating MinHashes took 381801 milliseconds
After minhash computation:
resident_set: 2.25289e+07 KB
numContigs = 567841
LoneReads
#LoneReads = 453473
MinHash passed 144392415 reads
MinHash passed & not already in graph 16828857 reads
Merge Sort passed 0 reads
Aligner passed 2868687 reads
bsc/lzma2 compression starts
Extension .base: Compressed 25538147729 bytes to 5002482835 bytes
Extension .complement: Compressed 3097423 bytes to 415036 bytes
Extension .genome: Compressed 3699153339 bytes to 800872194 bytes
Extension .id: Compressed 13746112 bytes to 6908740 bytes
Extension .lone: Compressed 2501385936 bytes to 408466904 bytes
Extension .pos: Compressed 3449700077 bytes to 1908037350 bytes
Extension .type: Compressed 3366972565 bytes to 570103018 bytes
Total compressed size of all streams is 8697286077 bytes
Creating tar archive ...
Tar archive done!
-rw-rw-r-- 1 qingxi qingxi 8698562560 Jun  1 04:26 /raid/qingxi/Nanopore-Compression-old/data/human_wgs.fastqk12.NanoSpring
Time taken by function: 14765 seconds
	Command being timed: "/raid/qingxi/NanoSpring/build/NanoSpring -c -i /raid/qingxi/Nanopore-Compression-old/data/human_wgs.fastq -o /raid/qingxi/Nanopore-Compression-old/data/human_wgs.fastqk12.NanoSpring -k 12"
	User time (seconds): 280739.64
	System time (seconds): 9952.00
	Percent of CPU this job got: 1968%
	Elapsed (wall clock) time (h:mm:ss or m:ss): 4:06:07
	Average shared text size (kbytes): 0
	Average unshared data size (kbytes): 0
	Average stack size (kbytes): 0
	Average total size (kbytes): 0
	Maximum resident set size (kbytes): 39168276
	Average resident set size (kbytes): 0
	Major (requiring I/O) page faults: 3
	Minor (reclaiming a frame) page faults: 4184529561
	Voluntary context switches: 6454676
	Involuntary context switches: 756881
	Swaps: 0
	File system inputs: 33675608
	File system outputs: 116130024
	Socket messages sent: 0
	Socket messages received: 0
	Signals delivered: 0
	Page size (bytes): 4096
	Exit status: 0
