bsc/lzma2 compression starts
Extension .base: Compressed 12722676222 bytes to 2248002982 bytes
Extension .complement: Compressed 2854432 bytes to 380238 bytes
Extension .genome: Compressed 4129787608 bytes to 865765918 bytes
Extension .id: Compressed 13746112 bytes to 6423882 bytes
Extension .lone: Compressed 6278677017 bytes to 1173023446 bytes
Extension .pos: Compressed 3530372213 bytes to 2034641862 bytes
Extension .type: Compressed 3432849853 bytes to 596697380 bytes
Total compressed size of all streams is 6924935708 bytes
Time taken by function: 454 seconds
        Command being timed: "./NanoSpring -c -i /raid/qingxi/Nanopore-Compression-old/data/human_wgs.fastq.NanoSpring -o human_wgs.fastq"
        User time (seconds): 10642.60
        System time (seconds): 278.04
        Percent of CPU this job got: 2400%
        Elapsed (wall clock) time (h:mm:ss or m:ss): 7:34.85
        Average shared text size (kbytes): 0
        Average unshared data size (kbytes): 0
        Average stack size (kbytes): 0
        Average total size (kbytes): 0
        Maximum resident set size (kbytes): 25878004
        Average resident set size (kbytes): 0
        Major (requiring I/O) page faults: 1
        Minor (reclaiming a frame) page faults: 88606150
        Voluntary context switches: 341988
        Involuntary context switches: 257487
        Swaps: 0
        File system inputs: 40
        File system outputs: 13525808
        Socket messages sent: 0
        Socket messages received: 0
        Signals delivered: 0
        Page size (bytes): 4096
        Exit status: 0

bsc compression starts
Extension .base: Compressed 12722676222 bytes to 2529511742 bytes
Extension .complement: Compressed 2854432 bytes to 380238 bytes
Extension .genome: Compressed 4129787608 bytes to 865765918 bytes
Extension .id: Compressed 13746112 bytes to 6423882 bytes
Extension .lone: Compressed 6278677017 bytes to 1173023446 bytes
Extension .pos: Compressed 3530372213 bytes to 2034641862 bytes
Extension .type: Compressed 3432849853 bytes to 596697380 bytes
Total compressed size of all streams is 7206444468 bytes
Time taken by function: 442 seconds
        Command being timed: "./NanoSpring -c -i /raid/qingxi/Nanopore-Compression-old/data/human_wgs.fastq.NanoSpring -o human_wgs.fastq"
        User time (seconds): 11498.96
        System time (seconds): 435.38
        Percent of CPU this job got: 2694%
        Elapsed (wall clock) time (h:mm:ss or m:ss): 7:22.92
        Average shared text size (kbytes): 0
        Average unshared data size (kbytes): 0
        Average stack size (kbytes): 0
        Average total size (kbytes): 0
        Maximum resident set size (kbytes): 30608388
        Average resident set size (kbytes): 0
        Major (requiring I/O) page faults: 0
        Minor (reclaiming a frame) page faults: 131732939
        Voluntary context switches: 466758
        Involuntary context switches: 349180
        Swaps: 0
        File system inputs: 0
        File system outputs: 14075632
        Socket messages sent: 0
        Socket messages received: 0
        Signals delivered: 0
        Page size (bytes): 4096
        Exit status: 0

lzma2 compression starts
Extension .base: Compressed 12722676222 bytes to 2248002982 bytes
Extension .complement: Compressed 2854432 bytes to 436904 bytes
Extension .genome: Compressed 4129787608 bytes to 943812198 bytes
Extension .id: Compressed 13746112 bytes to 6260852 bytes
Extension .lone: Compressed 6278677017 bytes to 1283780076 bytes
Extension .pos: Compressed 3530372213 bytes to 2022448947 bytes
Extension .type: Compressed 3432849853 bytes to 682522970 bytes
Total compressed size of all streams is 7187264929 bytes
Time taken by function: 470 seconds
        Command being timed: "./NanoSpring -c -i /raid/qingxi/Nanopore-Compression-old/data/human_wgs.fastq.NanoSpring -o human_wgs.fastq"
        User time (seconds): 8911.91
        System time (seconds): 59.17
        Percent of CPU this job got: 1907%
        Elapsed (wall clock) time (h:mm:ss or m:ss): 7:50.30
        Average shared text size (kbytes): 0
        Average unshared data size (kbytes): 0
        Average stack size (kbytes): 0
        Average total size (kbytes): 0
        Maximum resident set size (kbytes): 1688568
        Average resident set size (kbytes): 0
        Major (requiring I/O) page faults: 0
        Minor (reclaiming a frame) page faults: 30592318
        Voluntary context switches: 2234
        Involuntary context switches: 11708
        Swaps: 0
        File system inputs: 0
        File system outputs: 14038192
        Socket messages sent: 0
        Socket messages received: 0
        Signals delivered: 0
        Page size (bytes): 4096
        Exit status: 0

gzip compression starts
Extension .base: Compressed 12722676222 bytes to 3506991102 bytes
Extension .complement: Compressed 2854432 bytes to 490163 bytes
Extension .genome: Compressed 4129787608 bytes to 1108707647 bytes
Extension .id: Compressed 13746112 bytes to 8117690 bytes
Extension .lone: Compressed 6278677017 bytes to 1509157971 bytes
Extension .pos: Compressed 3530372213 bytes to 2289816157 bytes
Extension .type: Compressed 3432849853 bytes to 757584318 bytes
Total compressed size of all streams is 9180865048 bytes
Time taken by function: 214 seconds
        Command being timed: "./NanoSpring -c -i /raid/qingxi/Nanopore-Compression-old/data/human_wgs.fastq.NanoSpring -o human_wgs.fastq"
        User time (seconds): 4049.54
        System time (seconds): 18.28
        Percent of CPU this job got: 1898%
        Elapsed (wall clock) time (h:mm:ss or m:ss): 3:34.26
        Average shared text size (kbytes): 0
        Average unshared data size (kbytes): 0
        Average stack size (kbytes): 0
        Average total size (kbytes): 0
        Maximum resident set size (kbytes): 5204
        Average resident set size (kbytes): 0
        Major (requiring I/O) page faults: 0
        Minor (reclaiming a frame) page faults: 33294
        Voluntary context switches: 1413
        Involuntary context switches: 6314
        Swaps: 0
        File system inputs: 0
        File system outputs: 17931928
        Socket messages sent: 0
        Socket messages received: 0
        Signals delivered: 0
        Page size (bytes): 4096
        Exit status: 0
