Temporary directory: ./tmp.9Ui7z2q1JE/
k n overlapSketchThreshold minimap:k minimap:w minimap:max_chain_iter edge_threshold
23 60 6 20 50 400 4000000
number of threads: 20
Entering compress():
resident_set: 2316 KB
numReads 11047
avgReadLen 21986
maxReadLen 150455
Reading file took 450 milliseconds
After rD.loadFromFile():
resident_set: 235428 KB
Starting to populate hash tables
finished populating hash tables
41 milliseconds passed
Calculating MinHashes took 1109 milliseconds
After minhash computation:
resident_set: 246420 KB
numContigs = 333
LoneReads
#LoneReads = 261
MinHash passed 73866 reads
MinHash passed & not already in graph 11167 reads
Merge Sort passed 0 reads
Aligner passed 10714 reads
bsc/lzma2 compression starts
Extension .base: Compressed 42687502 bytes to 5496776 bytes
Extension .complement: Compressed 10858 bytes to 2890 bytes
Extension .genome: Compressed 4725404 bytes to 1136172 bytes
Extension .id: Compressed 44188 bytes to 15540 bytes
Extension .lone: Compressed 6251574 bytes to 1496954 bytes
Extension .pos: Compressed 9002665 bytes to 5278038 bytes
Extension .type: Compressed 8591415 bytes to 1551584 bytes
Total compressed size of all streams is 14977954 bytes
Creating tar archive ...
Tar archive done!
-rw-rw-r-- 1 qingxi qingxi 15093760 May 25 04:05 /raid/qingxi/Nanopore-Compression-old/data/basecall_hac.fastq.NanoSpring
Time taken by function: 28 seconds
	Command being timed: "./../../build/NanoSpring -c -i /raid/qingxi/Nanopore-Compression-old/data/basecall_hac.fastq -o /raid/qingxi/Nanopore-Compression-old/data/basecall_hac.fastq.NanoSpring"
	User time (seconds): 468.24
	System time (seconds): 18.57
	Percent of CPU this job got: 1714%
	Elapsed (wall clock) time (h:mm:ss or m:ss): 0:28.38
	Average shared text size (kbytes): 0
	Average unshared data size (kbytes): 0
	Average stack size (kbytes): 0
	Average total size (kbytes): 0
	Maximum resident set size (kbytes): 7090856
	Average resident set size (kbytes): 0
	Major (requiring I/O) page faults: 2
	Minor (reclaiming a frame) page faults: 6892846
	Voluntary context switches: 303460
	Involuntary context switches: 6175
	Swaps: 0
	File system inputs: 192
	File system outputs: 220960
	Socket messages sent: 0
	Socket messages received: 0
	Signals delivered: 0
	Page size (bytes): 4096
	Exit status: 0
Temporary directory: ./tmp.qSTFIH3Yjl/
numDecodingThreads: 20
Extracting tar archive ...Tar extraction done!
NumReads:11047
NumContigs:333
NumEncodingThreads:20
BSC/LZMA2 decompression ...BSC/LZMA2 decompression done!
Took 431 milliseconds
Generating reads...Done!
Took 353 milliseconds
Writing to file...Done!
Writing took 416 milliseconds
	Command being timed: "./../../build/NanoSpring -d -i /raid/qingxi/Nanopore-Compression-old/data/basecall_hac.fastq.NanoSpring -o /raid/qingxi/Nanopore-Compression-old/data/basecall_hac.fastq.NanoSpring.reads"
	User time (seconds): 12.65
	System time (seconds): 1.34
	Percent of CPU this job got: 1095%
	Elapsed (wall clock) time (h:mm:ss or m:ss): 0:01.27
	Average shared text size (kbytes): 0
	Average unshared data size (kbytes): 0
	Average stack size (kbytes): 0
	Average total size (kbytes): 0
	Maximum resident set size (kbytes): 370824
	Average resident set size (kbytes): 0
	Major (requiring I/O) page faults: 1
	Minor (reclaiming a frame) page faults: 125147
	Voluntary context switches: 29646
	Involuntary context switches: 547
	Swaps: 0
	File system inputs: 16
	File system outputs: 644288
	Socket messages sent: 0
	Socket messages received: 0
	Signals delivered: 0
	Page size (bytes): 4096
	Exit status: 0
Parameters - k: 7, l: 6, b: 32 
Starting encoding in FAST MODE with 20 threads... 
Starting adaptative encoding for 33 (32 + 1) blocks, and update every 4 blocks... 
Starting parallelized fast encoding...
Total encoded blocks: 49 
Stream <original size in bytes> -> <compressed size in bytes> (<compression ratio>)
IDs   1926273 -> 301154 (0.156)
Bases 242888002 -> 57243475 (0.236)
Quals 242888002 -> 121803826 (0.501)
Total 487768559 -> 179371169 (0.368)
Total compression time: 5.98 s
	Command being timed: "./../../../EnanoFASTQ/enano/enano -t 20 /raid/qingxi/Nanopore-Compression-old/data/basecall_hac.fastq /raid/qingxi/Nanopore-Compression-old/data/basecall_hac.fastq.enano"
	User time (seconds): 24.58
	System time (seconds): 0.68
	Percent of CPU this job got: 422%
	Elapsed (wall clock) time (h:mm:ss or m:ss): 0:05.98
	Average shared text size (kbytes): 0
	Average unshared data size (kbytes): 0
	Average stack size (kbytes): 0
	Average total size (kbytes): 0
	Maximum resident set size (kbytes): 389100
	Average resident set size (kbytes): 0
	Major (requiring I/O) page faults: 0
	Minor (reclaiming a frame) page faults: 188304
	Voluntary context switches: 524
	Involuntary context switches: 83
	Swaps: 0
	File system inputs: 0
	File system outputs: 350344
	Socket messages sent: 0
	Socket messages received: 0
	Signals delivered: 0
	Page size (bytes): 4096
	Exit status: 0
Parameters - k: 7, l: 6, b: 32 
Starting decoding with 20 threads... 
Starting decoding with context model update... 
Starting parallelized fast decoding... 
Total decoded blocks: 49
Total decompression time: 7.39 s
	Command being timed: "./../../../EnanoFASTQ/enano/enano -d -t 20 /raid/qingxi/Nanopore-Compression-old/data/basecall_hac.fastq.enano enano_decompressed.fastq"
	User time (seconds): 34.41
	System time (seconds): 0.90
	Percent of CPU this job got: 475%
	Elapsed (wall clock) time (h:mm:ss or m:ss): 0:07.42
	Average shared text size (kbytes): 0
	Average unshared data size (kbytes): 0
	Average stack size (kbytes): 0
	Average total size (kbytes): 0
	Maximum resident set size (kbytes): 433108
	Average resident set size (kbytes): 0
	Major (requiring I/O) page faults: 0
	Minor (reclaiming a frame) page faults: 221829
	Voluntary context switches: 528
	Involuntary context switches: 80
	Swaps: 0
	File system inputs: 0
	File system outputs: 956440
	Socket messages sent: 0
	Socket messages received: 0
	Signals delivered: 0
	Page size (bytes): 4096
	Exit status: 0
/raid/qingxi/Nanopore-Compression-old/data/basecall_hac.fastq enano_decompressed.fastq differ: byte 33698, line 3
	Command being timed: "pigz -p 20 /raid/qingxi/Nanopore-Compression-old/data/basecall_hac.fastq.NanoSpring.reads"
	User time (seconds): 42.37
	System time (seconds): 0.26
	Percent of CPU this job got: 1957%
	Elapsed (wall clock) time (h:mm:ss or m:ss): 0:02.17
	Average shared text size (kbytes): 0
	Average unshared data size (kbytes): 0
	Average stack size (kbytes): 0
	Average total size (kbytes): 0
	Maximum resident set size (kbytes): 14856
	Average resident set size (kbytes): 0
	Major (requiring I/O) page faults: 0
	Minor (reclaiming a frame) page faults: 6359
	Voluntary context switches: 4950
	Involuntary context switches: 65
	Swaps: 0
	File system inputs: 0
	File system outputs: 136024
	Socket messages sent: 0
	Socket messages received: 0
	Signals delivered: 0
	Page size (bytes): 4096
	Exit status: 0
-rw-rw-r-- 1 qingxi qingxi 69643800 May 25 04:05 /raid/qingxi/Nanopore-Compression-old/data/basecall_hac.fastq.NanoSpring.reads.gz
	Command being timed: "pigz -d -k -p 20 /raid/qingxi/Nanopore-Compression-old/data/basecall_hac.fastq.NanoSpring.reads.gz"
	User time (seconds): 1.33
	System time (seconds): 0.37
	Percent of CPU this job got: 188%
	Elapsed (wall clock) time (h:mm:ss or m:ss): 0:00.90
	Average shared text size (kbytes): 0
	Average unshared data size (kbytes): 0
	Average stack size (kbytes): 0
	Average total size (kbytes): 0
	Maximum resident set size (kbytes): 2560
	Average resident set size (kbytes): 0
	Major (requiring I/O) page faults: 0
	Minor (reclaiming a frame) page faults: 140
	Voluntary context switches: 16958
	Involuntary context switches: 3
	Swaps: 0
	File system inputs: 0
	File system outputs: 474416
	Socket messages sent: 0
	Socket messages received: 0
	Signals delivered: 0
	Page size (bytes): 4096
	Exit status: 0
