Temporary directory: ./tmp.NbRMkhBXRY/
k n overlapSketchThreshold minimap:k minimap:w minimap:max_chain_iter edge_threshold
23 60 6 20 50 400 4000000
number of threads: 20
Entering compress():
resident_set: 2328 KB
numReads 3380
avgReadLen 21719
maxReadLen 100565
Reading file took 178 milliseconds
After rD.loadFromFile():
resident_set: 106512 KB
Starting to populate hash tables
finished populating hash tables
26 milliseconds passed
Calculating MinHashes took 362 milliseconds
After minhash computation:
resident_set: 114980 KB
numContigs = 183
LoneReads
#LoneReads = 86
MinHash passed 15242 reads
MinHash passed & not already in graph 3269 reads
Merge Sort passed 0 reads
Aligner passed 3197 reads
bsc/lzma2 compression starts
Extension .base: Compressed 15028360 bytes to 2380313 bytes
Extension .complement: Compressed 3391 bytes to 1850 bytes
Extension .genome: Compressed 4083343 bytes to 981114 bytes
Extension .id: Compressed 13520 bytes to 6924 bytes
Extension .lone: Compressed 2380331 bytes to 573480 bytes
Extension .pos: Compressed 2797439 bytes to 1682434 bytes
Extension .type: Compressed 2695494 bytes to 497538 bytes
Total compressed size of all streams is 6123653 bytes
Creating tar archive ...
Tar archive done!
-rw-rw-r-- 1 qingxi qingxi 6246400 May 25 00:20 /raid/qingxi/Nanopore-Compression-old/data/sa_25x_filtered.fastq.NanoSpring
Time taken by function: 6 seconds
	Command being timed: "./../../build/NanoSpring -c -i /raid/qingxi/Nanopore-Compression-old/data/sa_25x_filtered.fastq -o /raid/qingxi/Nanopore-Compression-old/data/sa_25x_filtered.fastq.NanoSpring"
	User time (seconds): 106.74
	System time (seconds): 4.93
	Percent of CPU this job got: 1643%
	Elapsed (wall clock) time (h:mm:ss or m:ss): 0:06.79
	Average shared text size (kbytes): 0
	Average unshared data size (kbytes): 0
	Average stack size (kbytes): 0
	Average total size (kbytes): 0
	Maximum resident set size (kbytes): 3003876
	Average resident set size (kbytes): 0
	Major (requiring I/O) page faults: 0
	Minor (reclaiming a frame) page faults: 1654540
	Voluntary context switches: 116263
	Involuntary context switches: 2320
	Swaps: 0
	File system inputs: 0
	File system outputs: 85000
	Socket messages sent: 0
	Socket messages received: 0
	Signals delivered: 0
	Page size (bytes): 4096
	Exit status: 0
Temporary directory: ./tmp.75qDDed3FA/
numDecodingThreads: 20
Extracting tar archive ...Tar extraction done!
NumReads:3380
NumContigs:183
NumEncodingThreads:20
BSC/LZMA2 decompression ...BSC/LZMA2 decompression done!
Took 229 milliseconds
Generating reads...Done!
Took 153 milliseconds
Writing to file...Done!
Writing took 163 milliseconds
	Command being timed: "./../../build/NanoSpring -d -i /raid/qingxi/Nanopore-Compression-old/data/sa_25x_filtered.fastq.NanoSpring -o /raid/qingxi/Nanopore-Compression-old/data/sa_25x_filtered.fastq.NanoSpring.reads"
	User time (seconds): 5.38
	System time (seconds): 0.57
	Percent of CPU this job got: 1002%
	Elapsed (wall clock) time (h:mm:ss or m:ss): 0:00.59
	Average shared text size (kbytes): 0
	Average unshared data size (kbytes): 0
	Average stack size (kbytes): 0
	Average total size (kbytes): 0
	Maximum resident set size (kbytes): 125136
	Average resident set size (kbytes): 0
	Major (requiring I/O) page faults: 0
	Minor (reclaiming a frame) page faults: 53136
	Voluntary context switches: 18539
	Involuntary context switches: 202
	Swaps: 0
	File system inputs: 0
	File system outputs: 209472
	Socket messages sent: 0
	Socket messages received: 0
	Signals delivered: 0
	Page size (bytes): 4096
	Exit status: 0
Parameters - k: 7, l: 6, b: 32 
Starting encoding in FAST MODE with 20 threads... 
Starting adaptative encoding for 33 (32 + 1) blocks, and update every 4 blocks... 
Starting parallelized fast encoding...
Total encoded blocks: 15 
Stream <original size in bytes> -> <compressed size in bytes> (<compression ratio>)
IDs   121680 -> 65819 (0.541)
Bases 73412803 -> 17360357 (0.236)
Quals 73412803 -> 42562176 (0.580)
Total 146967566 -> 59995465 (0.408)
Total compression time: 3.07 s
	Command being timed: "./../../../EnanoFASTQ/enano/enano -t 20 /raid/qingxi/Nanopore-Compression-old/data/sa_25x_filtered.fastq /raid/qingxi/Nanopore-Compression-old/data/sa_25x_filtered.fastq.enano"
	User time (seconds): 8.51
	System time (seconds): 0.30
	Percent of CPU this job got: 286%
	Elapsed (wall clock) time (h:mm:ss or m:ss): 0:03.07
	Average shared text size (kbytes): 0
	Average unshared data size (kbytes): 0
	Average stack size (kbytes): 0
	Average total size (kbytes): 0
	Maximum resident set size (kbytes): 391636
	Average resident set size (kbytes): 0
	Major (requiring I/O) page faults: 0
	Minor (reclaiming a frame) page faults: 101028
	Voluntary context switches: 192
	Involuntary context switches: 35
	Swaps: 0
	File system inputs: 0
	File system outputs: 117184
	Socket messages sent: 0
	Socket messages received: 0
	Signals delivered: 0
	Page size (bytes): 4096
	Exit status: 0
Parameters - k: 7, l: 6, b: 32 
Starting decoding with 20 threads... 
Starting decoding with context model update... 
Total decoded blocks: 15
Total decompression time: 3.73 s
	Command being timed: "./../../../EnanoFASTQ/enano/enano -d -t 20 /raid/qingxi/Nanopore-Compression-old/data/sa_25x_filtered.fastq.enano enano_decompressed.fastq"
	User time (seconds): 10.49
	System time (seconds): 0.36
	Percent of CPU this job got: 289%
	Elapsed (wall clock) time (h:mm:ss or m:ss): 0:03.75
	Average shared text size (kbytes): 0
	Average unshared data size (kbytes): 0
	Average stack size (kbytes): 0
	Average total size (kbytes): 0
	Maximum resident set size (kbytes): 405196
	Average resident set size (kbytes): 0
	Major (requiring I/O) page faults: 0
	Minor (reclaiming a frame) page faults: 104355
	Voluntary context switches: 191
	Involuntary context switches: 32
	Swaps: 0
	File system inputs: 0
	File system outputs: 287288
	Socket messages sent: 0
	Socket messages received: 0
	Signals delivered: 0
	Page size (bytes): 4096
	Exit status: 0
/raid/qingxi/Nanopore-Compression-old/data/sa_25x_filtered.fastq enano_decompressed.fastq differ: byte 10310, line 3
	Command being timed: "pigz -p 20 /raid/qingxi/Nanopore-Compression-old/data/sa_25x_filtered.fastq.NanoSpring.reads"
	User time (seconds): 14.22
	System time (seconds): 0.10
	Percent of CPU this job got: 1911%
	Elapsed (wall clock) time (h:mm:ss or m:ss): 0:00.75
	Average shared text size (kbytes): 0
	Average unshared data size (kbytes): 0
	Average stack size (kbytes): 0
	Average total size (kbytes): 0
	Maximum resident set size (kbytes): 14640
	Average resident set size (kbytes): 0
	Major (requiring I/O) page faults: 0
	Minor (reclaiming a frame) page faults: 3220
	Voluntary context switches: 1620
	Involuntary context switches: 43
	Swaps: 0
	File system inputs: 0
	File system outputs: 41176
	Socket messages sent: 0
	Socket messages received: 0
	Signals delivered: 0
	Page size (bytes): 4096
	Exit status: 0
-rw-rw-r-- 1 qingxi qingxi 21080878 May 25 00:20 /raid/qingxi/Nanopore-Compression-old/data/sa_25x_filtered.fastq.NanoSpring.reads.gz
	Command being timed: "pigz -d -k -p 20 /raid/qingxi/Nanopore-Compression-old/data/sa_25x_filtered.fastq.NanoSpring.reads.gz"
	User time (seconds): 0.45
	System time (seconds): 0.08
	Percent of CPU this job got: 188%
	Elapsed (wall clock) time (h:mm:ss or m:ss): 0:00.29
	Average shared text size (kbytes): 0
	Average unshared data size (kbytes): 0
	Average stack size (kbytes): 0
	Average total size (kbytes): 0
	Maximum resident set size (kbytes): 2548
	Average resident set size (kbytes): 0
	Major (requiring I/O) page faults: 0
	Minor (reclaiming a frame) page faults: 138
	Voluntary context switches: 5135
	Involuntary context switches: 1
	Swaps: 0
	File system inputs: 0
	File system outputs: 143392
	Socket messages sent: 0
	Socket messages received: 0
	Signals delivered: 0
	Page size (bytes): 4096
	Exit status: 0
